<?xml version="1.0" encoding="UTF-8"?>
<!-- Generated by org.testng.reporters.JUnitXMLReporter -->
<testsuite hostname="LAPTOP-A8F5AB7C" ignored="1" name="Default test" tests="1" failures="0" timestamp="24 Jul 2020 19:12:02 GMT" time="29.26" errors="0">
  <testcase name="HomePageDropDownTest" time="5.392" classname="com.qa.Test.HomePageTest"/>
  <testcase name="HomePageScrolling" time="0.0" classname="com.qa.Test.HomePageTest">
    <ignored/>
  </testcase> <!-- HomePageScrolling -->
</testsuite> <!-- Default test -->
