<?xml version="1.0" encoding="UTF-8"?>
<testng-results skipped="0" failed="1" ignored="0" total="3" passed="2">
  <reporter-output>
  </reporter-output>
  <suite name="Suite Aamazon Automamtion " duration-ms="111410" started-at="2020-07-25T11:27:58Z" finished-at="2020-07-25T11:29:50Z">
    <groups>
    </groups>
    <test name="FirefoxTest" duration-ms="111410" started-at="2020-07-25T11:27:58Z" finished-at="2020-07-25T11:29:50Z">
      <class name="com.qa.Test.LoginPageTest">
        <test-method status="PASS" signature="setup(java.lang.String)[pri:0, instance:com.qa.Test.LoginPageTest@4bee18dc]" name="setup" is-config="true" duration-ms="18741" started-at="2020-07-25T11:27:58Z" finished-at="2020-07-25T11:28:17Z">
          <params>
            <param index="0">
              <value>
                <![CDATA[firefox]]>
              </value>
            </param>
          </params>
          <reporter-output>
          </reporter-output>
        </test-method> <!-- setup -->
        <test-method status="PASS" signature="LoginPageHeaderTest()[pri:0, instance:com.qa.Test.LoginPageTest@4bee18dc]" name="LoginPageHeaderTest" duration-ms="217" started-at="2020-07-25T11:28:18Z" finished-at="2020-07-25T11:28:18Z">
          <reporter-output>
          </reporter-output>
        </test-method> <!-- LoginPageHeaderTest -->
        <test-method status="PASS" signature="teardown()[pri:0, instance:com.qa.Test.LoginPageTest@4bee18dc]" name="teardown" is-config="true" duration-ms="13282" started-at="2020-07-25T11:28:18Z" finished-at="2020-07-25T11:28:31Z">
          <reporter-output>
          </reporter-output>
        </test-method> <!-- teardown -->
        <test-method status="PASS" signature="setup(java.lang.String)[pri:0, instance:com.qa.Test.LoginPageTest@4bee18dc]" name="setup" is-config="true" duration-ms="12719" started-at="2020-07-25T11:28:31Z" finished-at="2020-07-25T11:28:44Z">
          <params>
            <param index="0">
              <value>
                <![CDATA[firefox]]>
              </value>
            </param>
          </params>
          <reporter-output>
          </reporter-output>
        </test-method> <!-- setup -->
        <test-method status="FAIL" signature="LoginPageLoginTest()[pri:0, instance:com.qa.Test.LoginPageTest@4bee18dc]" name="LoginPageLoginTest" duration-ms="5123" started-at="2020-07-25T11:28:44Z" finished-at="2020-07-25T11:28:49Z">
          <exception class="org.openqa.selenium.NoSuchElementException">
            <message>
              <![CDATA[Unable to locate element: #ap_email
For documentation on this error, please visit: https://www.seleniumhq.org/exceptions/no_such_element.html
Build info: version: '3.141.59', revision: 'e82be7d358', time: '2018-11-14T08:17:03'
System info: host: 'LAPTOP-A8F5AB7C', ip: '192.168.99.1', os.name: 'Windows 10', os.arch: 'amd64', os.version: '10.0', java.version: '1.8.0_191'
Driver info: org.openqa.selenium.firefox.FirefoxDriver
Capabilities {acceptInsecureCerts: true, browserName: firefox, browserVersion: 78.0.2, javascriptEnabled: true, moz:accessibilityChecks: false, moz:buildID: 20200708170202, moz:geckodriverVersion: 0.26.0, moz:headless: false, moz:processID: 157756, moz:profile: C:\Users\Arun Areath\AppDat..., moz:shutdownTimeout: 60000, moz:useNonSpecCompliantPointerOrigin: false, moz:webdriverClick: true, pageLoadStrategy: normal, platform: WINDOWS, platformName: WINDOWS, platformVersion: 10.0, rotatable: false, setWindowRect: true, strictFileInteractability: false, timeouts: {implicit: 0, pageLoad: 300000, script: 30000}, unhandledPromptBehavior: dismiss and notify}
Session ID: 71fd386e-c574-4858-bc29-bf8a6f181c72
*** Element info: {Using=id, value=ap_email}]]>
            </message>
            <full-stacktrace>
              <![CDATA[org.openqa.selenium.NoSuchElementException: Unable to locate element: #ap_email
For documentation on this error, please visit: https://www.seleniumhq.org/exceptions/no_such_element.html
Build info: version: '3.141.59', revision: 'e82be7d358', time: '2018-11-14T08:17:03'
System info: host: 'LAPTOP-A8F5AB7C', ip: '192.168.99.1', os.name: 'Windows 10', os.arch: 'amd64', os.version: '10.0', java.version: '1.8.0_191'
Driver info: org.openqa.selenium.firefox.FirefoxDriver
Capabilities {acceptInsecureCerts: true, browserName: firefox, browserVersion: 78.0.2, javascriptEnabled: true, moz:accessibilityChecks: false, moz:buildID: 20200708170202, moz:geckodriverVersion: 0.26.0, moz:headless: false, moz:processID: 157756, moz:profile: C:\Users\Arun Areath\AppDat..., moz:shutdownTimeout: 60000, moz:useNonSpecCompliantPointerOrigin: false, moz:webdriverClick: true, pageLoadStrategy: normal, platform: WINDOWS, platformName: WINDOWS, platformVersion: 10.0, rotatable: false, setWindowRect: true, strictFileInteractability: false, timeouts: {implicit: 0, pageLoad: 300000, script: 30000}, unhandledPromptBehavior: dismiss and notify}
Session ID: 71fd386e-c574-4858-bc29-bf8a6f181c72
*** Element info: {Using=id, value=ap_email}
at sun.reflect.NativeConstructorAccessorImpl.newInstance0(Native Method)
at sun.reflect.NativeConstructorAccessorImpl.newInstance(Unknown Source)
at sun.reflect.DelegatingConstructorAccessorImpl.newInstance(Unknown Source)
at java.lang.reflect.Constructor.newInstance(Unknown Source)
at org.openqa.selenium.remote.http.W3CHttpResponseCodec.createException(W3CHttpResponseCodec.java:187)
at org.openqa.selenium.remote.http.W3CHttpResponseCodec.decode(W3CHttpResponseCodec.java:122)
at org.openqa.selenium.remote.http.W3CHttpResponseCodec.decode(W3CHttpResponseCodec.java:49)
at org.openqa.selenium.remote.HttpCommandExecutor.execute(HttpCommandExecutor.java:158)
at org.openqa.selenium.remote.service.DriverCommandExecutor.execute(DriverCommandExecutor.java:83)
at org.openqa.selenium.remote.RemoteWebDriver.execute(RemoteWebDriver.java:552)
at org.openqa.selenium.remote.RemoteWebDriver.findElement(RemoteWebDriver.java:323)
at org.openqa.selenium.remote.RemoteWebDriver.findElementById(RemoteWebDriver.java:372)
at org.openqa.selenium.By$ById.findElement(By.java:188)
at org.openqa.selenium.remote.RemoteWebDriver.findElement(RemoteWebDriver.java:315)
at com.qa.utils.ElementUtils.locator(ElementUtils.java:36)
at com.qa.utils.ElementUtils.visibilityOfEleLocated(ElementUtils.java:63)
at com.qa.page.LoginPage.Login(LoginPage.java:49)
at com.qa.Test.LoginPageTest.LoginPageLoginTest(LoginPageTest.java:54)
at sun.reflect.NativeMethodAccessorImpl.invoke0(Native Method)
at sun.reflect.NativeMethodAccessorImpl.invoke(Unknown Source)
at sun.reflect.DelegatingMethodAccessorImpl.invoke(Unknown Source)
at java.lang.reflect.Method.invoke(Unknown Source)
at org.testng.internal.MethodInvocationHelper.invokeMethod(MethodInvocationHelper.java:124)
at org.testng.internal.Invoker.invokeMethod(Invoker.java:583)
at org.testng.internal.Invoker.invokeTestMethod(Invoker.java:719)
at org.testng.internal.Invoker.invokeTestMethods(Invoker.java:989)
at org.testng.internal.TestMethodWorker.invokeTestMethods(TestMethodWorker.java:125)
at org.testng.internal.TestMethodWorker.run(TestMethodWorker.java:109)
at java.util.concurrent.ThreadPoolExecutor.runWorker(Unknown Source)
at java.util.concurrent.ThreadPoolExecutor$Worker.run(Unknown Source)
at java.lang.Thread.run(Unknown Source)
]]>
            </full-stacktrace>
          </exception> <!-- org.openqa.selenium.NoSuchElementException -->
          <reporter-output>
          </reporter-output>
        </test-method> <!-- LoginPageLoginTest -->
        <test-method status="PASS" signature="teardown()[pri:0, instance:com.qa.Test.LoginPageTest@4bee18dc]" name="teardown" is-config="true" duration-ms="30104" started-at="2020-07-25T11:28:50Z" finished-at="2020-07-25T11:29:20Z">
          <reporter-output>
          </reporter-output>
        </test-method> <!-- teardown -->
        <test-method status="PASS" signature="setup(java.lang.String)[pri:0, instance:com.qa.Test.LoginPageTest@4bee18dc]" name="setup" is-config="true" duration-ms="15487" started-at="2020-07-25T11:29:20Z" finished-at="2020-07-25T11:29:36Z">
          <params>
            <param index="0">
              <value>
                <![CDATA[firefox]]>
              </value>
            </param>
          </params>
          <reporter-output>
          </reporter-output>
        </test-method> <!-- setup -->
        <test-method status="PASS" signature="LoginPageTitleTest()[pri:0, instance:com.qa.Test.LoginPageTest@4bee18dc]" name="LoginPageTitleTest" duration-ms="55" started-at="2020-07-25T11:29:36Z" finished-at="2020-07-25T11:29:36Z">
          <reporter-output>
          </reporter-output>
        </test-method> <!-- LoginPageTitleTest -->
        <test-method status="PASS" signature="teardown()[pri:0, instance:com.qa.Test.LoginPageTest@4bee18dc]" name="teardown" is-config="true" duration-ms="13993" started-at="2020-07-25T11:29:36Z" finished-at="2020-07-25T11:29:50Z">
          <reporter-output>
          </reporter-output>
        </test-method> <!-- teardown -->
      </class> <!-- com.qa.Test.LoginPageTest -->
    </test> <!-- FirefoxTest -->
  </suite> <!-- Suite Aamazon Automamtion  -->
</testng-results>
